<?xml version="1.0" encoding="UTF-8"?>
<!-- Generated by org.testng.reporters.JUnitXMLReporter -->
<testsuite hostname="LAPTOP-CNSAN5A9" name="Command line test" tests="2" failures="1" timestamp="12 Nov 2020 15:05:10 GMT" time="10.082" errors="0">
  <testcase name="testOne" time="0.005" classname="com.transsnet.more.cases.news.SplashTest"/>
  <testcase name="testTitle" time="10.069" classname="com.transsnet.more.cases.news.SplashTest">
    <failure type="java.lang.NullPointerException">
      <![CDATA[java.lang.NullPointerException
	at com.transsnet.more.cases.news.SplashTest.testTitle(SplashTest.java:27)
	at com.transsnet.more.runTest.RunTest.main(RunTest.java:65)
... Removed 21 stack frames]]>
    </failure>
  </testcase> <!-- testTitle -->
</testsuite> <!-- Command line test -->
