<?xml version="1.0" encoding="UTF-8"?>
<testng-results skipped="0" failed="0" total="2" passed="2">
  <reporter-output>
  </reporter-output>
  <suite name="Transsnet Test Suite" duration-ms="10451" started-at="2020-11-13T12:30:01Z" finished-at="2020-11-13T12:30:12Z">
    <groups>
    </groups>
    <test name="auto-more" duration-ms="10451" started-at="2020-11-13T12:30:01Z" finished-at="2020-11-13T12:30:12Z">
      <class name="com.transsnet.more.cases.news.SplashTest">
        <test-method status="PASS" signature="setupSuite()[pri:0, instance:com.transsnet.more.cases.news.SplashTest@4d5d943d]" name="setupSuite" is-config="true" duration-ms="26132" started-at="2020-11-13T20:29:35Z" finished-at="2020-11-13T20:30:01Z">
          <reporter-output>
          </reporter-output>
        </test-method> <!-- setupSuite -->
        <test-method status="PASS" signature="setUpTest()[pri:0, instance:com.transsnet.more.cases.news.SplashTest@4d5d943d]" name="setUpTest" is-config="true" duration-ms="0" started-at="2020-11-13T20:30:01Z" finished-at="2020-11-13T20:30:01Z">
          <reporter-output>
          </reporter-output>
        </test-method> <!-- setUpTest -->
        <test-method status="PASS" signature="setUpClass()[pri:0, instance:com.transsnet.more.cases.news.SplashTest@4d5d943d]" name="setUpClass" is-config="true" duration-ms="1" started-at="2020-11-13T20:30:01Z" finished-at="2020-11-13T20:30:01Z">
          <reporter-output>
          </reporter-output>
        </test-method> <!-- setUpClass -->
        <test-method status="PASS" signature="setUpMethod()[pri:0, instance:com.transsnet.more.cases.news.SplashTest@4d5d943d]" name="setUpMethod" is-config="true" duration-ms="1" started-at="2020-11-13T20:30:01Z" finished-at="2020-11-13T20:30:01Z">
          <reporter-output>
          </reporter-output>
        </test-method> <!-- setUpMethod -->
        <test-method status="PASS" signature="testTitle()[pri:0, instance:com.transsnet.more.cases.news.SplashTest@4d5d943d]" name="testTitle" duration-ms="10435" started-at="2020-11-13T20:30:01Z" finished-at="2020-11-13T20:30:12Z">
          <reporter-output>
          </reporter-output>
        </test-method> <!-- testTitle -->
        <test-method status="PASS" signature="tearDownMethod()[pri:0, instance:com.transsnet.more.cases.news.SplashTest@4d5d943d]" name="tearDownMethod" is-config="true" duration-ms="0" started-at="2020-11-13T20:30:12Z" finished-at="2020-11-13T20:30:12Z">
          <reporter-output>
          </reporter-output>
        </test-method> <!-- tearDownMethod -->
        <test-method status="PASS" signature="setUpMethod()[pri:0, instance:com.transsnet.more.cases.news.SplashTest@4d5d943d]" name="setUpMethod" is-config="true" duration-ms="1" started-at="2020-11-13T20:30:12Z" finished-at="2020-11-13T20:30:12Z">
          <reporter-output>
          </reporter-output>
        </test-method> <!-- setUpMethod -->
        <test-method status="PASS" signature="testOne()[pri:0, instance:com.transsnet.more.cases.news.SplashTest@4d5d943d]" name="testOne" duration-ms="0" started-at="2020-11-13T20:30:12Z" finished-at="2020-11-13T20:30:12Z">
          <reporter-output>
          </reporter-output>
        </test-method> <!-- testOne -->
        <test-method status="PASS" signature="tearDownClass()[pri:0, instance:com.transsnet.more.cases.news.SplashTest@4d5d943d]" name="tearDownClass" is-config="true" duration-ms="0" started-at="2020-11-13T20:30:12Z" finished-at="2020-11-13T20:30:12Z">
          <reporter-output>
          </reporter-output>
        </test-method> <!-- tearDownClass -->
        <test-method status="PASS" signature="tearDownMethod()[pri:0, instance:com.transsnet.more.cases.news.SplashTest@4d5d943d]" name="tearDownMethod" is-config="true" duration-ms="0" started-at="2020-11-13T20:30:12Z" finished-at="2020-11-13T20:30:12Z">
          <reporter-output>
          </reporter-output>
        </test-method> <!-- tearDownMethod -->
        <test-method status="PASS" signature="tearDownTest()[pri:0, instance:com.transsnet.more.cases.news.SplashTest@4d5d943d]" name="tearDownTest" is-config="true" duration-ms="1" started-at="2020-11-13T20:30:12Z" finished-at="2020-11-13T20:30:12Z">
          <reporter-output>
          </reporter-output>
        </test-method> <!-- tearDownTest -->
        <test-method status="PASS" signature="tearDownSuite()[pri:0, instance:com.transsnet.more.cases.news.SplashTest@4d5d943d]" name="tearDownSuite" is-config="true" duration-ms="644" started-at="2020-11-13T20:30:12Z" finished-at="2020-11-13T20:30:12Z">
          <reporter-output>
          </reporter-output>
        </test-method> <!-- tearDownSuite -->
      </class> <!-- com.transsnet.more.cases.news.SplashTest -->
    </test> <!-- auto-more -->
  </suite> <!-- Transsnet Test Suite -->
</testng-results>
